# JRE version: Java(TM) SE Runtime Environment (8.0_25-b17) (build 1.8.0_25-b17)
# Java VM: Java HotSpot(TM) 64-Bit Server VM (25.25-b02 mixed mode bsd-amd64 compressed oops)
Heap:
 PSYoungGen      total 139776K, used 93832K [0x000000076ab00000, 0x0000000773e80000, 0x00000007c0000000)
  eden space 129024K, 72% used [0x000000076ab00000,0x00000007706a20f8,0x0000000772900000)
  from space 10752K, 0% used [0x0000000773380000,0x0000000773380000,0x0000000773e00000)
  to   space 10752K, 0% used [0x0000000772900000,0x0000000772900000,0x0000000773380000)
 ParOldGen       total 2700800K, used 2654165K [0x00000006c0000000, 0x0000000764d80000, 0x000000076ab00000)
  object space 2700800K, 98% used [0x00000006c0000000,0x0000000761ff5758,0x0000000764d80000)
 Metaspace       used 16740K, capacity 16940K, committed 17280K, reserved 1064960K
  class space    used 1809K, capacity 1870K, committed 1920K, reserved 1048576K
GC Heap History (10 events):
Event: 2.902 GC heap before
{Heap before GC invocations=2 (full 0):
 PSYoungGen      total 76288K, used 76269K [0x000000076ab00000, 0x0000000770000000, 0x00000007c0000000)
  eden space 65536K, 100% used [0x000000076ab00000,0x000000076eb00000,0x000000076eb00000)
  from space 10752K, 99% used [0x000000076eb00000,0x000000076f57b430,0x000000076f580000)
  to   space 10752K, 0% used [0x000000076f580000,0x000000076f580000,0x0000000770000000)
 ParOldGen       total 175104K, used 29076K [0x00000006c0000000, 0x00000006cab00000, 0x000000076ab00000)
  object space 175104K, 16% used [0x00000006c0000000,0x00000006c1c652f8,0x00000006cab00000)
 Metaspace       used 16693K, capacity 16878K, committed 17024K, reserved 1064960K
  class space    used 1807K, capacity 1871K, committed 1920K, reserved 1048576K
Event: 2.938 GC heap after
Heap after GC invocations=2 (full 0):
 PSYoungGen      total 76288K, used 10745K [0x000000076ab00000, 0x0000000774000000, 0x00000007c0000000)
  eden space 65536K, 0% used [0x000000076ab00000,0x000000076ab00000,0x000000076eb00000)
  from space 10752K, 99% used [0x000000076f580000,0x000000076fffe5f0,0x0000000770000000)
  to   space 10752K, 0% used [0x000000076eb00000,0x000000076eb00000,0x000000076f580000)
 ParOldGen       total 175104K, used 98708K [0x00000006c0000000, 0x00000006cab00000, 0x000000076ab00000)
  object space 175104K, 56% used [0x00000006c0000000,0x00000006c60652f8,0x00000006cab00000)
 Metaspace       used 16693K, capacity 16878K, committed 17024K, reserved 1064960K
  class space    used 1807K, capacity 1871K, committed 1920K, reserved 1048576K
}
Event: 2.938 GC heap before
{Heap before GC invocations=3 (full 1):
 PSYoungGen      total 76288K, used 10745K [0x000000076ab00000, 0x0000000774000000, 0x00000007c0000000)
  eden space 65536K, 0% used [0x000000076ab00000,0x000000076ab00000,0x000000076eb00000)
  from space 10752K, 99% used [0x000000076f580000,0x000000076fffe5f0,0x0000000770000000)
  to   space 10752K, 0% used [0x000000076eb00000,0x000000076eb00000,0x000000076f580000)
 ParOldGen       total 175104K, used 98708K [0x00000006c0000000, 0x00000006cab00000, 0x000000076ab00000)
  object space 175104K, 56% used [0x00000006c0000000,0x00000006c60652f8,0x00000006cab00000)
 Metaspace       used 16693K, capacity 16878K, committed 17024K, reserved 1064960K
  class space    used 1807K, capacity 1871K, committed 1920K, reserved 1048576K
Event: 2.981 GC heap after
Heap after GC invocations=3 (full 1):
 PSYoungGen      total 76288K, used 0K [0x000000076ab00000, 0x0000000774000000, 0x00000007c0000000)
  eden space 65536K, 0% used [0x000000076ab00000,0x000000076ab00000,0x000000076eb00000)
  from space 10752K, 0% used [0x000000076f580000,0x000000076f580000,0x0000000770000000)
  to   space 10752K, 0% used [0x000000076eb00000,0x000000076eb00000,0x000000076f580000)
 ParOldGen       total 245248K, used 96960K [0x00000006c0000000, 0x00000006cef80000, 0x000000076ab00000)
  object space 245248K, 39% used [0x00000006c0000000,0x00000006c5eb01c8,0x00000006cef80000)
 Metaspace       used 16691K, capacity 16876K, committed 17024K, reserved 1064960K
  class space    used 1807K, capacity 1870K, committed 1920K, reserved 1048576K
}
Event: 2.990 GC heap before
{Heap before GC invocations=4 (full 1):
 PSYoungGen      total 76288K, used 65536K [0x000000076ab00000, 0x0000000774000000, 0x00000007c0000000)
  eden space 65536K, 100% used [0x000000076ab00000,0x000000076eb00000,0x000000076eb00000)
  from space 10752K, 0% used [0x000000076f580000,0x000000076f580000,0x0000000770000000)
  to   space 10752K, 0% used [0x000000076eb00000,0x000000076eb00000,0x000000076f580000)
 ParOldGen       total 245248K, used 96960K [0x00000006c0000000, 0x00000006cef80000, 0x000000076ab00000)
  object space 245248K, 39% used [0x00000006c0000000,0x00000006c5eb01c8,0x00000006cef80000)
 Metaspace       used 16691K, capacity 16876K, committed 17024K, reserved 1064960K
  class space    used 1807K, capacity 1870K, committed 1920K, reserved 1048576K
Event: 3.017 GC heap after
Heap after GC invocations=4 (full 1):
 PSYoungGen      total 76288K, used 10752K [0x000000076ab00000, 0x0000000773e00000, 0x00000007c0000000)
  eden space 65536K, 0% used [0x000000076ab00000,0x000000076ab00000,0x000000076eb00000)
  from space 10752K, 100% used [0x000000076eb00000,0x000000076f580000,0x000000076f580000)
  to   space 10752K, 0% used [0x0000000773380000,0x0000000773380000,0x0000000773e00000)
 ParOldGen       total 245248K, used 157464K [0x00000006c0000000, 0x00000006cef80000, 0x000000076ab00000)
  object space 245248K, 64% used [0x00000006c0000000,0x00000006c99c61c8,0x00000006cef80000)
 Metaspace       used 16691K, capacity 16876K, committed 17024K, reserved 1064960K
  class space    used 1807K, capacity 1870K, committed 1920K, reserved 1048576K
}
Event: 3.024 GC heap before
{Heap before GC invocations=5 (full 1):
 PSYoungGen      total 76288K, used 76288K [0x000000076ab00000, 0x0000000773e00000, 0x00000007c0000000)
  eden space 65536K, 100% used [0x000000076ab00000,0x000000076eb00000,0x000000076eb00000)
  from space 10752K, 100% used [0x000000076eb00000,0x000000076f580000,0x000000076f580000)
  to   space 10752K, 0% used [0x0000000773380000,0x0000000773380000,0x0000000773e00000)
 ParOldGen       total 245248K, used 157464K [0x00000006c0000000, 0x00000006cef80000, 0x000000076ab00000)
  object space 245248K, 64% used [0x00000006c0000000,0x00000006c99c61c8,0x00000006cef80000)
 Metaspace       used 16691K, capacity 16876K, committed 17024K, reserved 1064960K
  class space    used 1807K, capacity 1870K, committed 1920K, reserved 1048576K
Event: 3.060 GC heap after
Heap after GC invocations=5 (full 1):
 PSYoungGen      total 139776K, used 10752K [0x000000076ab00000, 0x0000000773e80000, 0x00000007c0000000)
  eden space 129024K, 0% used [0x000000076ab00000,0x000000076ab00000,0x0000000772900000)
  from space 10752K, 100% used [0x0000000773380000,0x0000000773e00000,0x0000000773e00000)
  to   space 10752K, 0% used [0x0000000772900000,0x0000000772900000,0x0000000773380000)
 ParOldGen       total 245248K, used 230512K [0x00000006c0000000, 0x00000006cef80000, 0x000000076ab00000)
  object space 245248K, 93% used [0x00000006c0000000,0x00000006ce11c1c8,0x00000006cef80000)
 Metaspace       used 16691K, capacity 16876K, committed 17024K, reserved 1064960K
  class space    used 1807K, capacity 1870K, committed 1920K, reserved 1048576K
}
Event: 3.060 GC heap before
{Heap before GC invocations=6 (full 2):
 PSYoungGen      total 139776K, used 10752K [0x000000076ab00000, 0x0000000773e80000, 0x00000007c0000000)
  eden space 129024K, 0% used [0x000000076ab00000,0x000000076ab00000,0x0000000772900000)
  from space 10752K, 100% used [0x0000000773380000,0x0000000773e00000,0x0000000773e00000)
  to   space 10752K, 0% used [0x0000000772900000,0x0000000772900000,0x0000000773380000)
 ParOldGen       total 245248K, used 230512K [0x00000006c0000000, 0x00000006cef80000, 0x000000076ab00000)
  object space 245248K, 93% used [0x00000006c0000000,0x00000006ce11c1c8,0x00000006cef80000)
 Metaspace       used 16691K, capacity 16876K, committed 17024K, reserved 1064960K
  class space    used 1807K, capacity 1870K, committed 1920K, reserved 1048576K
Event: 3.091 GC heap after
Heap after GC invocations=6 (full 2):
 PSYoungGen      total 139776K, used 0K [0x000000076ab00000, 0x0000000773e80000, 0x00000007c0000000)
  eden space 129024K, 0% used [0x000000076ab00000,0x000000076ab00000,0x0000000772900000)
  from space 10752K, 0% used [0x0000000773380000,0x0000000773380000,0x0000000773e00000)
  to   space 10752K, 0% used [0x0000000772900000,0x0000000772900000,0x0000000773380000)
 ParOldGen       total 400896K, used 226799K [0x00000006c0000000, 0x00000006d8780000, 0x000000076ab00000)
  object space 400896K, 56% used [0x00000006c0000000,0x00000006cdd7bd68,0x00000006d8780000)
 Metaspace       used 16691K, capacity 16876K, committed 17024K, reserved 1064960K
  class space    used 1807K, capacity 1870K, committed 1920K, reserved 1048576K
}

