# JRE version: Java(TM) SE Runtime Environment (8.0_25-b17) (build 1.8.0_25-b17)
# Java VM: Java HotSpot(TM) 64-Bit Server VM (25.25-b02 mixed mode bsd-amd64 compressed oops)
Heap:
 PSYoungGen      total 140800K, used 110768K [0x000000076ab00000, 0x0000000781200000, 0x00000007c0000000)
  eden space 130048K, 76% used [0x000000076ab00000,0x0000000770cae000,0x0000000772a00000)
  from space 10752K, 99% used [0x0000000772a00000,0x000000077347e028,0x0000000773480000)
  to   space 56320K, 0% used [0x000000077db00000,0x000000077db00000,0x0000000781200000)
 ParOldGen       total 139264K, used 93161K [0x00000006c0000000, 0x00000006c8800000, 0x000000076ab00000)
  object space 139264K, 66% used [0x00000006c0000000,0x00000006c5afa448,0x00000006c8800000)
 Metaspace       used 21415K, capacity 21674K, committed 22144K, reserved 1069056K
  class space    used 2500K, capacity 2569K, committed 2688K, reserved 1048576K
GC Heap History (10 events):
Event: 7.659 GC heap before
{Heap before GC invocations=2 (full 0):
 PSYoungGen      total 76288K, used 39867K [0x000000076ab00000, 0x0000000770000000, 0x00000007c0000000)
  eden space 65536K, 44% used [0x000000076ab00000,0x000000076c770288,0x000000076eb00000)
  from space 10752K, 99% used [0x000000076eb00000,0x000000076f57ebf0,0x000000076f580000)
  to   space 10752K, 0% used [0x000000076f580000,0x000000076f580000,0x0000000770000000)
 ParOldGen       total 175104K, used 6831K [0x00000006c0000000, 0x00000006cab00000, 0x000000076ab00000)
  object space 175104K, 3% used [0x00000006c0000000,0x00000006c06abfc0,0x00000006cab00000)
 Metaspace       used 20816K, capacity 21066K, committed 21248K, reserved 1069056K
  class space    used 2453K, capacity 2543K, committed 2560K, reserved 1048576K
Event: 7.677 GC heap after
Heap after GC invocations=2 (full 0):
 PSYoungGen      total 76288K, used 10746K [0x000000076ab00000, 0x0000000774000000, 0x00000007c0000000)
  eden space 65536K, 0% used [0x000000076ab00000,0x000000076ab00000,0x000000076eb00000)
  from space 10752K, 99% used [0x000000076f580000,0x000000076fffea00,0x0000000770000000)
  to   space 10752K, 0% used [0x000000076eb00000,0x000000076eb00000,0x000000076f580000)
 ParOldGen       total 175104K, used 32670K [0x00000006c0000000, 0x00000006cab00000, 0x000000076ab00000)
  object space 175104K, 18% used [0x00000006c0000000,0x00000006c1fe78d0,0x00000006cab00000)
 Metaspace       used 20816K, capacity 21066K, committed 21248K, reserved 1069056K
  class space    used 2453K, capacity 2543K, committed 2560K, reserved 1048576K
}
Event: 7.677 GC heap before
{Heap before GC invocations=3 (full 1):
 PSYoungGen      total 76288K, used 10746K [0x000000076ab00000, 0x0000000774000000, 0x00000007c0000000)
  eden space 65536K, 0% used [0x000000076ab00000,0x000000076ab00000,0x000000076eb00000)
  from space 10752K, 99% used [0x000000076f580000,0x000000076fffea00,0x0000000770000000)
  to   space 10752K, 0% used [0x000000076eb00000,0x000000076eb00000,0x000000076f580000)
 ParOldGen       total 175104K, used 32670K [0x00000006c0000000, 0x00000006cab00000, 0x000000076ab00000)
  object space 175104K, 18% used [0x00000006c0000000,0x00000006c1fe78d0,0x00000006cab00000)
 Metaspace       used 20816K, capacity 21066K, committed 21248K, reserved 1069056K
  class space    used 2453K, capacity 2543K, committed 2560K, reserved 1048576K
Event: 7.720 GC heap after
Heap after GC invocations=3 (full 1):
 PSYoungGen      total 76288K, used 0K [0x000000076ab00000, 0x0000000774000000, 0x00000007c0000000)
  eden space 65536K, 0% used [0x000000076ab00000,0x000000076ab00000,0x000000076eb00000)
  from space 10752K, 0% used [0x000000076f580000,0x000000076f580000,0x0000000770000000)
  to   space 10752K, 0% used [0x000000076eb00000,0x000000076eb00000,0x000000076f580000)
 ParOldGen       total 139264K, used 41944K [0x00000006c0000000, 0x00000006c8800000, 0x000000076ab00000)
  object space 139264K, 30% used [0x00000006c0000000,0x00000006c28f61b8,0x00000006c8800000)
 Metaspace       used 20803K, capacity 21048K, committed 21248K, reserved 1069056K
  class space    used 2446K, capacity 2534K, committed 2560K, reserved 1048576K
}
Event: 8.011 GC heap before
{Heap before GC invocations=4 (full 1):
 PSYoungGen      total 76288K, used 65007K [0x000000076ab00000, 0x0000000774000000, 0x00000007c0000000)
  eden space 65536K, 99% used [0x000000076ab00000,0x000000076ea7bd58,0x000000076eb00000)
  from space 10752K, 0% used [0x000000076f580000,0x000000076f580000,0x0000000770000000)
  to   space 10752K, 0% used [0x000000076eb00000,0x000000076eb00000,0x000000076f580000)
 ParOldGen       total 139264K, used 41944K [0x00000006c0000000, 0x00000006c8800000, 0x000000076ab00000)
  object space 139264K, 30% used [0x00000006c0000000,0x00000006c28f61b8,0x00000006c8800000)
 Metaspace       used 20843K, capacity 21112K, committed 21504K, reserved 1069056K
  class space    used 2449K, capacity 2534K, committed 2560K, reserved 1048576K
Event: 8.012 GC heap after
Heap after GC invocations=4 (full 1):
 PSYoungGen      total 76288K, used 6379K [0x000000076ab00000, 0x0000000773f00000, 0x00000007c0000000)
  eden space 65536K, 0% used [0x000000076ab00000,0x000000076ab00000,0x000000076eb00000)
  from space 10752K, 59% used [0x000000076eb00000,0x000000076f13ae20,0x000000076f580000)
  to   space 10752K, 0% used [0x0000000773480000,0x0000000773480000,0x0000000773f00000)
 ParOldGen       total 139264K, used 41952K [0x00000006c0000000, 0x00000006c8800000, 0x000000076ab00000)
  object space 139264K, 30% used [0x00000006c0000000,0x00000006c28f81b8,0x00000006c8800000)
 Metaspace       used 20843K, capacity 21112K, committed 21504K, reserved 1069056K
  class space    used 2449K, capacity 2534K, committed 2560K, reserved 1048576K
}
Event: 8.105 GC heap before
{Heap before GC invocations=5 (full 1):
 PSYoungGen      total 76288K, used 71915K [0x000000076ab00000, 0x0000000773f00000, 0x00000007c0000000)
  eden space 65536K, 100% used [0x000000076ab00000,0x000000076eb00000,0x000000076eb00000)
  from space 10752K, 59% used [0x000000076eb00000,0x000000076f13ae20,0x000000076f580000)
  to   space 10752K, 0% used [0x0000000773480000,0x0000000773480000,0x0000000773f00000)
 ParOldGen       total 139264K, used 41952K [0x00000006c0000000, 0x00000006c8800000, 0x000000076ab00000)
  object space 139264K, 30% used [0x00000006c0000000,0x00000006c28f81b8,0x00000006c8800000)
 Metaspace       used 20859K, capacity 21112K, committed 21504K, reserved 1069056K
  class space    used 2449K, capacity 2534K, committed 2560K, reserved 1048576K
Event: 8.115 GC heap after
Heap after GC invocations=5 (full 1):
 PSYoungGen      total 140288K, used 10741K [0x000000076ab00000, 0x0000000773f00000, 0x00000007c0000000)
  eden space 129536K, 0% used [0x000000076ab00000,0x000000076ab00000,0x0000000772980000)
  from space 10752K, 99% used [0x0000000773480000,0x0000000773efd508,0x0000000773f00000)
  to   space 10752K, 0% used [0x0000000772a00000,0x0000000772a00000,0x0000000773480000)
 ParOldGen       total 139264K, used 51656K [0x00000006c0000000, 0x00000006c8800000, 0x000000076ab00000)
  object space 139264K, 37% used [0x00000006c0000000,0x00000006c32723c0,0x00000006c8800000)
 Metaspace       used 20859K, capacity 21112K, committed 21504K, reserved 1069056K
  class space    used 2449K, capacity 2534K, committed 2560K, reserved 1048576K
}
Event: 10.924 GC heap before
{Heap before GC invocations=6 (full 1):
 PSYoungGen      total 140288K, used 140277K [0x000000076ab00000, 0x0000000773f00000, 0x00000007c0000000)
  eden space 129536K, 100% used [0x000000076ab00000,0x0000000772980000,0x0000000772980000)
  from space 10752K, 99% used [0x0000000773480000,0x0000000773efd508,0x0000000773f00000)
  to   space 10752K, 0% used [0x0000000772a00000,0x0000000772a00000,0x0000000773480000)
 ParOldGen       total 139264K, used 51656K [0x00000006c0000000, 0x00000006c8800000, 0x000000076ab00000)
  object space 139264K, 37% used [0x00000006c0000000,0x00000006c32723c0,0x00000006c8800000)
 Metaspace       used 21415K, capacity 21674K, committed 22144K, reserved 1069056K
  class space    used 2500K, capacity 2569K, committed 2688K, reserved 1048576K
Event: 10.950 GC heap after
Heap after GC invocations=6 (full 1):
 PSYoungGen      total 140800K, used 10744K [0x000000076ab00000, 0x0000000781200000, 0x00000007c0000000)
  eden space 130048K, 0% used [0x000000076ab00000,0x000000076ab00000,0x0000000772a00000)
  from space 10752K, 99% used [0x0000000772a00000,0x000000077347e028,0x0000000773480000)
  to   space 56320K, 0% used [0x000000077db00000,0x000000077db00000,0x0000000781200000)
 ParOldGen       total 139264K, used 93161K [0x00000006c0000000, 0x00000006c8800000, 0x000000076ab00000)
  object space 139264K, 66% used [0x00000006c0000000,0x00000006c5afa448,0x00000006c8800000)
 Metaspace       used 21415K, capacity 21674K, committed 22144K, reserved 1069056K
  class space    used 2500K, capacity 2569K, committed 2688K, reserved 1048576K
}

