# JRE version: Java(TM) SE Runtime Environment (8.0_25-b17) (build 1.8.0_25-b17)
# Java VM: Java HotSpot(TM) 64-Bit Server VM (25.25-b02 mixed mode bsd-amd64 compressed oops)
Heap:
 PSYoungGen      total 304640K, used 42337K [0x000000076ab00000, 0x0000000780780000, 0x00000007c0000000)
  eden space 256512K, 4% used [0x000000076ab00000,0x000000076b5f8000,0x000000077a580000)
  from space 48128K, 64% used [0x000000077d880000,0x000000077f6e05e8,0x0000000780780000)
  to   space 50176K, 0% used [0x000000077a580000,0x000000077a580000,0x000000077d680000)
 ParOldGen       total 156672K, used 88680K [0x00000006c0000000, 0x00000006c9900000, 0x000000076ab00000)
  object space 156672K, 56% used [0x00000006c0000000,0x00000006c569a190,0x00000006c9900000)
 Metaspace       used 21537K, capacity 21738K, committed 22144K, reserved 1069056K
  class space    used 2501K, capacity 2569K, committed 2688K, reserved 1048576K
GC Heap History (10 events):
Event: 7.902 GC heap before
{Heap before GC invocations=3 (full 0):
 PSYoungGen      total 76288K, used 76052K [0x000000076ab00000, 0x0000000774000000, 0x00000007c0000000)
  eden space 65536K, 99% used [0x000000076ab00000,0x000000076eac8ff0,0x000000076eb00000)
  from space 10752K, 99% used [0x000000076f580000,0x000000076fffc360,0x0000000770000000)
  to   space 10752K, 0% used [0x000000076eb00000,0x000000076eb00000,0x000000076f580000)
 ParOldGen       total 175104K, used 35565K [0x00000006c0000000, 0x00000006cab00000, 0x000000076ab00000)
  object space 175104K, 20% used [0x00000006c0000000,0x00000006c22bb7b8,0x00000006cab00000)
 Metaspace       used 20848K, capacity 21066K, committed 21248K, reserved 1069056K
  class space    used 2458K, capacity 2543K, committed 2560K, reserved 1048576K
Event: 7.911 GC heap after
Heap after GC invocations=3 (full 0):
 PSYoungGen      total 76288K, used 10736K [0x000000076ab00000, 0x0000000774000000, 0x00000007c0000000)
  eden space 65536K, 0% used [0x000000076ab00000,0x000000076ab00000,0x000000076eb00000)
  from space 10752K, 99% used [0x000000076eb00000,0x000000076f57c3a0,0x000000076f580000)
  to   space 10752K, 0% used [0x0000000773580000,0x0000000773580000,0x0000000774000000)
 ParOldGen       total 175104K, used 46665K [0x00000006c0000000, 0x00000006cab00000, 0x000000076ab00000)
  object space 175104K, 26% used [0x00000006c0000000,0x00000006c2d924d0,0x00000006cab00000)
 Metaspace       used 20848K, capacity 21066K, committed 21248K, reserved 1069056K
  class space    used 2458K, capacity 2543K, committed 2560K, reserved 1048576K
}
Event: 7.924 GC heap before
{Heap before GC invocations=4 (full 0):
 PSYoungGen      total 76288K, used 18712K [0x000000076ab00000, 0x0000000774000000, 0x00000007c0000000)
  eden space 65536K, 12% used [0x000000076ab00000,0x000000076b2c9ca0,0x000000076eb00000)
  from space 10752K, 99% used [0x000000076eb00000,0x000000076f57c3a0,0x000000076f580000)
  to   space 10752K, 0% used [0x0000000773580000,0x0000000773580000,0x0000000774000000)
 ParOldGen       total 175104K, used 46665K [0x00000006c0000000, 0x00000006cab00000, 0x000000076ab00000)
  object space 175104K, 26% used [0x00000006c0000000,0x00000006c2d924d0,0x00000006cab00000)
 Metaspace       used 20850K, capacity 21066K, committed 21248K, reserved 1069056K
  class space    used 2458K, capacity 2543K, committed 2560K, reserved 1048576K
Event: 7.931 GC heap after
Heap after GC invocations=4 (full 0):
 PSYoungGen      total 141824K, used 10722K [0x000000076ab00000, 0x0000000774000000, 0x00000007c0000000)
  eden space 131072K, 0% used [0x000000076ab00000,0x000000076ab00000,0x0000000772b00000)
  from space 10752K, 99% used [0x0000000773580000,0x0000000773ff8960,0x0000000774000000)
  to   space 10752K, 0% used [0x0000000772b00000,0x0000000772b00000,0x0000000773580000)
 ParOldGen       total 175104K, used 49235K [0x00000006c0000000, 0x00000006cab00000, 0x000000076ab00000)
  object space 175104K, 28% used [0x00000006c0000000,0x00000006c3014ff8,0x00000006cab00000)
 Metaspace       used 20850K, capacity 21066K, committed 21248K, reserved 1069056K
  class space    used 2458K, capacity 2543K, committed 2560K, reserved 1048576K
}
Event: 7.931 GC heap before
{Heap before GC invocations=5 (full 1):
 PSYoungGen      total 141824K, used 10722K [0x000000076ab00000, 0x0000000774000000, 0x00000007c0000000)
  eden space 131072K, 0% used [0x000000076ab00000,0x000000076ab00000,0x0000000772b00000)
  from space 10752K, 99% used [0x0000000773580000,0x0000000773ff8960,0x0000000774000000)
  to   space 10752K, 0% used [0x0000000772b00000,0x0000000772b00000,0x0000000773580000)
 ParOldGen       total 175104K, used 49235K [0x00000006c0000000, 0x00000006cab00000, 0x000000076ab00000)
  object space 175104K, 28% used [0x00000006c0000000,0x00000006c3014ff8,0x00000006cab00000)
 Metaspace       used 20850K, capacity 21066K, committed 21248K, reserved 1069056K
  class space    used 2458K, capacity 2543K, committed 2560K, reserved 1048576K
Event: 7.965 GC heap after
Heap after GC invocations=5 (full 1):
 PSYoungGen      total 141824K, used 0K [0x000000076ab00000, 0x0000000774000000, 0x00000007c0000000)
  eden space 131072K, 0% used [0x000000076ab00000,0x000000076ab00000,0x0000000772b00000)
  from space 10752K, 0% used [0x0000000773580000,0x0000000773580000,0x0000000774000000)
  to   space 10752K, 0% used [0x0000000772b00000,0x0000000772b00000,0x0000000773580000)
 ParOldGen       total 156672K, used 56886K [0x00000006c0000000, 0x00000006c9900000, 0x000000076ab00000)
  object space 156672K, 36% used [0x00000006c0000000,0x00000006c378da38,0x00000006c9900000)
 Metaspace       used 20837K, capacity 21048K, committed 21248K, reserved 1069056K
  class space    used 2452K, capacity 2534K, committed 2560K, reserved 1048576K
}
Event: 19.829 GC heap before
{Heap before GC invocations=6 (full 1):
 PSYoungGen      total 141824K, used 131007K [0x000000076ab00000, 0x0000000774000000, 0x00000007c0000000)
  eden space 131072K, 99% used [0x000000076ab00000,0x0000000772aefcc0,0x0000000772b00000)
  from space 10752K, 0% used [0x0000000773580000,0x0000000773580000,0x0000000774000000)
  to   space 10752K, 0% used [0x0000000772b00000,0x0000000772b00000,0x0000000773580000)
 ParOldGen       total 156672K, used 56886K [0x00000006c0000000, 0x00000006c9900000, 0x000000076ab00000)
  object space 156672K, 36% used [0x00000006c0000000,0x00000006c378da38,0x00000006c9900000)
 Metaspace       used 21537K, capacity 21738K, committed 22144K, reserved 1069056K
  class space    used 2501K, capacity 2569K, committed 2688K, reserved 1048576K
Event: 19.856 GC heap after
Heap after GC invocations=6 (full 1):
 PSYoungGen      total 141824K, used 10751K [0x000000076ab00000, 0x0000000780b00000, 0x00000007c0000000)
  eden space 131072K, 0% used [0x000000076ab00000,0x000000076ab00000,0x0000000772b00000)
  from space 10752K, 99% used [0x0000000772b00000,0x000000077357fef8,0x0000000773580000)
  to   space 51712K, 0% used [0x000000077d880000,0x000000077d880000,0x0000000780b00000)
 ParOldGen       total 156672K, used 88672K [0x00000006c0000000, 0x00000006c9900000, 0x000000076ab00000)
  object space 156672K, 56% used [0x00000006c0000000,0x00000006c5698190,0x00000006c9900000)
 Metaspace       used 21537K, capacity 21738K, committed 22144K, reserved 1069056K
  class space    used 2501K, capacity 2569K, committed 2688K, reserved 1048576K
}
Event: 20.030 GC heap before
{Heap before GC invocations=7 (full 1):
 PSYoungGen      total 141824K, used 141823K [0x000000076ab00000, 0x0000000780b00000, 0x00000007c0000000)
  eden space 131072K, 100% used [0x000000076ab00000,0x0000000772b00000,0x0000000772b00000)
  from space 10752K, 99% used [0x0000000772b00000,0x000000077357fef8,0x0000000773580000)
  to   space 51712K, 0% used [0x000000077d880000,0x000000077d880000,0x0000000780b00000)
 ParOldGen       total 156672K, used 88672K [0x00000006c0000000, 0x00000006c9900000, 0x000000076ab00000)
  object space 156672K, 56% used [0x00000006c0000000,0x00000006c5698190,0x00000006c9900000)
 Metaspace       used 21537K, capacity 21738K, committed 22144K, reserved 1069056K
  class space    used 2501K, capacity 2569K, committed 2688K, reserved 1048576K
Event: 20.045 GC heap after
Heap after GC invocations=7 (full 1):
 PSYoungGen      total 304640K, used 31105K [0x000000076ab00000, 0x0000000780780000, 0x00000007c0000000)
  eden space 256512K, 0% used [0x000000076ab00000,0x000000076ab00000,0x000000077a580000)
  from space 48128K, 64% used [0x000000077d880000,0x000000077f6e05e8,0x0000000780780000)
  to   space 50176K, 0% used [0x000000077a580000,0x000000077a580000,0x000000077d680000)
 ParOldGen       total 156672K, used 88680K [0x00000006c0000000, 0x00000006c9900000, 0x000000076ab00000)
  object space 156672K, 56% used [0x00000006c0000000,0x00000006c569a190,0x00000006c9900000)
 Metaspace       used 21537K, capacity 21738K, committed 22144K, reserved 1069056K
  class space    used 2501K, capacity 2569K, committed 2688K, reserved 1048576K
}

