# JRE version: Java(TM) SE Runtime Environment (8.0_25-b17) (build 1.8.0_25-b17)
# Java VM: Java HotSpot(TM) 64-Bit Server VM (25.25-b02 mixed mode bsd-amd64 compressed oops)
Heap:
 PSYoungGen      total 235008K, used 44377K [0x000000076ab00000, 0x000000077c680000, 0x00000007c0000000)
  eden space 192512K, 7% used [0x000000076ab00000,0x000000076b8beb40,0x0000000776700000)
  from space 42496K, 71% used [0x0000000779080000,0x000000077ae17b08,0x000000077ba00000)
  to   space 42496K, 0% used [0x0000000776700000,0x0000000776700000,0x0000000779080000)
 ParOldGen       total 181248K, used 88131K [0x00000006c0000000, 0x00000006cb100000, 0x000000076ab00000)
  object space 181248K, 48% used [0x00000006c0000000,0x00000006c5610de8,0x00000006cb100000)
 Metaspace       used 21602K, capacity 21858K, committed 22144K, reserved 1069056K
  class space    used 2496K, capacity 2567K, committed 2688K, reserved 1048576K
GC Heap History (10 events):
Event: 29.629 GC heap before
{Heap before GC invocations=4 (full 1):
 PSYoungGen      total 76288K, used 76179K [0x000000076ab00000, 0x0000000773e00000, 0x00000007c0000000)
  eden space 65536K, 99% used [0x000000076ab00000,0x000000076eae88a0,0x000000076eb00000)
  from space 10752K, 99% used [0x000000076f580000,0x000000076fffc440,0x0000000770000000)
  to   space 10752K, 0% used [0x000000076eb00000,0x000000076eb00000,0x000000076f580000)
 ParOldGen       total 74752K, used 34807K [0x00000006c0000000, 0x00000006c4900000, 0x000000076ab00000)
  object space 74752K, 46% used [0x00000006c0000000,0x00000006c21fdea8,0x00000006c4900000)
 Metaspace       used 21005K, capacity 21232K, committed 21504K, reserved 1069056K
  class space    used 2445K, capacity 2532K, committed 2560K, reserved 1048576K
Event: 29.636 GC heap after
Heap after GC invocations=4 (full 1):
 PSYoungGen      total 76288K, used 10746K [0x000000076ab00000, 0x0000000773f00000, 0x00000007c0000000)
  eden space 65536K, 0% used [0x000000076ab00000,0x000000076ab00000,0x000000076eb00000)
  from space 10752K, 99% used [0x000000076eb00000,0x000000076f57eb68,0x000000076f580000)
  to   space 10752K, 0% used [0x0000000773480000,0x0000000773480000,0x0000000773f00000)
 ParOldGen       total 74752K, used 44544K [0x00000006c0000000, 0x00000006c4900000, 0x000000076ab00000)
  object space 74752K, 59% used [0x00000006c0000000,0x00000006c2b800a0,0x00000006c4900000)
 Metaspace       used 21005K, capacity 21232K, committed 21504K, reserved 1069056K
  class space    used 2445K, capacity 2532K, committed 2560K, reserved 1048576K
}
Event: 30.299 GC heap before
{Heap before GC invocations=5 (full 1):
 PSYoungGen      total 76288K, used 76282K [0x000000076ab00000, 0x0000000773f00000, 0x00000007c0000000)
  eden space 65536K, 100% used [0x000000076ab00000,0x000000076eb00000,0x000000076eb00000)
  from space 10752K, 99% used [0x000000076eb00000,0x000000076f57eb68,0x000000076f580000)
  to   space 10752K, 0% used [0x0000000773480000,0x0000000773480000,0x0000000773f00000)
 ParOldGen       total 74752K, used 44544K [0x00000006c0000000, 0x00000006c4900000, 0x000000076ab00000)
  object space 74752K, 59% used [0x00000006c0000000,0x00000006c2b800a0,0x00000006c4900000)
 Metaspace       used 21078K, capacity 21296K, committed 21504K, reserved 1069056K
  class space    used 2448K, capacity 2532K, committed 2560K, reserved 1048576K
Event: 30.314 GC heap after
Heap after GC invocations=5 (full 1):
 PSYoungGen      total 140288K, used 10737K [0x000000076ab00000, 0x0000000773f00000, 0x00000007c0000000)
  eden space 129536K, 0% used [0x000000076ab00000,0x000000076ab00000,0x0000000772980000)
  from space 10752K, 99% used [0x0000000773480000,0x0000000773efc6e8,0x0000000773f00000)
  to   space 10752K, 0% used [0x0000000772a00000,0x0000000772a00000,0x0000000773480000)
 ParOldGen       total 74752K, used 54328K [0x00000006c0000000, 0x00000006c4900000, 0x000000076ab00000)
  object space 74752K, 72% used [0x00000006c0000000,0x00000006c350e1b0,0x00000006c4900000)
 Metaspace       used 21078K, capacity 21296K, committed 21504K, reserved 1069056K
  class space    used 2448K, capacity 2532K, committed 2560K, reserved 1048576K
}
Event: 30.314 GC heap before
{Heap before GC invocations=6 (full 2):
 PSYoungGen      total 140288K, used 10737K [0x000000076ab00000, 0x0000000773f00000, 0x00000007c0000000)
  eden space 129536K, 0% used [0x000000076ab00000,0x000000076ab00000,0x0000000772980000)
  from space 10752K, 99% used [0x0000000773480000,0x0000000773efc6e8,0x0000000773f00000)
  to   space 10752K, 0% used [0x0000000772a00000,0x0000000772a00000,0x0000000773480000)
 ParOldGen       total 74752K, used 54328K [0x00000006c0000000, 0x00000006c4900000, 0x000000076ab00000)
  object space 74752K, 72% used [0x00000006c0000000,0x00000006c350e1b0,0x00000006c4900000)
 Metaspace       used 21078K, capacity 21296K, committed 21504K, reserved 1069056K
  class space    used 2448K, capacity 2532K, committed 2560K, reserved 1048576K
Event: 30.378 GC heap after
Heap after GC invocations=6 (full 2):
 PSYoungGen      total 140288K, used 0K [0x000000076ab00000, 0x0000000773f00000, 0x00000007c0000000)
  eden space 129536K, 0% used [0x000000076ab00000,0x000000076ab00000,0x0000000772980000)
  from space 10752K, 0% used [0x0000000773480000,0x0000000773480000,0x0000000773f00000)
  to   space 10752K, 0% used [0x0000000772a00000,0x0000000772a00000,0x0000000773480000)
 ParOldGen       total 181248K, used 62087K [0x00000006c0000000, 0x00000006cb100000, 0x000000076ab00000)
  object space 181248K, 34% used [0x00000006c0000000,0x00000006c3ca1f98,0x00000006cb100000)
 Metaspace       used 21078K, capacity 21296K, committed 21504K, reserved 1069056K
  class space    used 2448K, capacity 2532K, committed 2560K, reserved 1048576K
}
Event: 57.037 GC heap before
{Heap before GC invocations=7 (full 2):
 PSYoungGen      total 140288K, used 129536K [0x000000076ab00000, 0x0000000773f00000, 0x00000007c0000000)
  eden space 129536K, 100% used [0x000000076ab00000,0x0000000772980000,0x0000000772980000)
  from space 10752K, 0% used [0x0000000773480000,0x0000000773480000,0x0000000773f00000)
  to   space 10752K, 0% used [0x0000000772a00000,0x0000000772a00000,0x0000000773480000)
 ParOldGen       total 181248K, used 62087K [0x00000006c0000000, 0x00000006cb100000, 0x000000076ab00000)
  object space 181248K, 34% used [0x00000006c0000000,0x00000006c3ca1f98,0x00000006cb100000)
 Metaspace       used 21602K, capacity 21858K, committed 22144K, reserved 1069056K
  class space    used 2496K, capacity 2567K, committed 2688K, reserved 1048576K
Event: 57.055 GC heap after
Heap after GC invocations=7 (full 2):
 PSYoungGen      total 140800K, used 10727K [0x000000076ab00000, 0x000000077ba00000, 0x00000007c0000000)
  eden space 130048K, 0% used [0x000000076ab00000,0x000000076ab00000,0x0000000772a00000)
  from space 10752K, 99% used [0x0000000772a00000,0x0000000773479da8,0x0000000773480000)
  to   space 42496K, 0% used [0x0000000779080000,0x0000000779080000,0x000000077ba00000)
 ParOldGen       total 181248K, used 88131K [0x00000006c0000000, 0x00000006cb100000, 0x000000076ab00000)
  object space 181248K, 48% used [0x00000006c0000000,0x00000006c5610de8,0x00000006cb100000)
 Metaspace       used 21602K, capacity 21858K, committed 22144K, reserved 1069056K
  class space    used 2496K, capacity 2567K, committed 2688K, reserved 1048576K
}
Event: 57.222 GC heap before
{Heap before GC invocations=8 (full 2):
 PSYoungGen      total 140800K, used 140775K [0x000000076ab00000, 0x000000077ba00000, 0x00000007c0000000)
  eden space 130048K, 100% used [0x000000076ab00000,0x0000000772a00000,0x0000000772a00000)
  from space 10752K, 99% used [0x0000000772a00000,0x0000000773479da8,0x0000000773480000)
  to   space 42496K, 0% used [0x0000000779080000,0x0000000779080000,0x000000077ba00000)
 ParOldGen       total 181248K, used 88131K [0x00000006c0000000, 0x00000006cb100000, 0x000000076ab00000)
  object space 181248K, 48% used [0x00000006c0000000,0x00000006c5610de8,0x00000006cb100000)
 Metaspace       used 21602K, capacity 21858K, committed 22144K, reserved 1069056K
  class space    used 2496K, capacity 2567K, committed 2688K, reserved 1048576K
Event: 57.236 GC heap after
Heap after GC invocations=8 (full 2):
 PSYoungGen      total 235008K, used 30302K [0x000000076ab00000, 0x000000077c680000, 0x00000007c0000000)
  eden space 192512K, 0% used [0x000000076ab00000,0x000000076ab00000,0x0000000776700000)
  from space 42496K, 71% used [0x0000000779080000,0x000000077ae17b08,0x000000077ba00000)
  to   space 42496K, 0% used [0x0000000776700000,0x0000000776700000,0x0000000779080000)
 ParOldGen       total 181248K, used 88131K [0x00000006c0000000, 0x00000006cb100000, 0x000000076ab00000)
  object space 181248K, 48% used [0x00000006c0000000,0x00000006c5610de8,0x00000006cb100000)
 Metaspace       used 21602K, capacity 21858K, committed 22144K, reserved 1069056K
  class space    used 2496K, capacity 2567K, committed 2688K, reserved 1048576K
}

