# JRE version: Java(TM) SE Runtime Environment (8.0_25-b17) (build 1.8.0_25-b17)
# Java VM: Java HotSpot(TM) 64-Bit Server VM (25.25-b02 mixed mode bsd-amd64 compressed oops)
Heap:
 PSYoungGen      total 162304K, used 87569K [0x000000076ab00000, 0x0000000776b80000, 0x00000007c0000000)
  eden space 129536K, 61% used [0x000000076ab00000,0x000000076f8fc4e8,0x0000000772980000)
  from space 32768K, 23% used [0x0000000774b80000,0x0000000775308028,0x0000000776b80000)
  to   space 33792K, 0% used [0x0000000772980000,0x0000000772980000,0x0000000774a80000)
 ParOldGen       total 134656K, used 43791K [0x00000006c0000000, 0x00000006c8380000, 0x000000076ab00000)
  object space 134656K, 32% used [0x00000006c0000000,0x00000006c2ac3f30,0x00000006c8380000)
 Metaspace       used 22211K, capacity 22516K, committed 22912K, reserved 1069056K
  class space    used 2551K, capacity 2634K, committed 2688K, reserved 1048576K
GC Heap History (10 events):
Event: 90.152 GC heap before
{Heap before GC invocations=4 (full 1):
 PSYoungGen      total 76288K, used 65030K [0x000000076ab00000, 0x0000000774000000, 0x00000007c0000000)
  eden space 65536K, 99% used [0x000000076ab00000,0x000000076ea81b80,0x000000076eb00000)
  from space 10752K, 0% used [0x000000076f580000,0x000000076f580000,0x0000000770000000)
  to   space 10752K, 0% used [0x000000076eb00000,0x000000076eb00000,0x000000076f580000)
 ParOldGen       total 74240K, used 6051K [0x00000006c0000000, 0x00000006c4880000, 0x000000076ab00000)
  object space 74240K, 8% used [0x00000006c0000000,0x00000006c05e8fe8,0x00000006c4880000)
 Metaspace       used 21611K, capacity 21876K, committed 22400K, reserved 1069056K
  class space    used 2511K, capacity 2598K, committed 2688K, reserved 1048576K
Event: 90.168 GC heap after
Heap after GC invocations=4 (full 1):
 PSYoungGen      total 76288K, used 10740K [0x000000076ab00000, 0x0000000770000000, 0x00000007c0000000)
  eden space 65536K, 0% used [0x000000076ab00000,0x000000076ab00000,0x000000076eb00000)
  from space 10752K, 99% used [0x000000076eb00000,0x000000076f57d0b0,0x000000076f580000)
  to   space 10752K, 0% used [0x000000076f580000,0x000000076f580000,0x0000000770000000)
 ParOldGen       total 74240K, used 32983K [0x00000006c0000000, 0x00000006c4880000, 0x000000076ab00000)
  object space 74240K, 44% used [0x00000006c0000000,0x00000006c2035e88,0x00000006c4880000)
 Metaspace       used 21611K, capacity 21876K, committed 22400K, reserved 1069056K
  class space    used 2511K, capacity 2598K, committed 2688K, reserved 1048576K
}
Event: 90.254 GC heap before
{Heap before GC invocations=5 (full 1):
 PSYoungGen      total 76288K, used 76276K [0x000000076ab00000, 0x0000000770000000, 0x00000007c0000000)
  eden space 65536K, 100% used [0x000000076ab00000,0x000000076eb00000,0x000000076eb00000)
  from space 10752K, 99% used [0x000000076eb00000,0x000000076f57d0b0,0x000000076f580000)
  to   space 10752K, 0% used [0x000000076f580000,0x000000076f580000,0x0000000770000000)
 ParOldGen       total 74240K, used 32983K [0x00000006c0000000, 0x00000006c4880000, 0x000000076ab00000)
  object space 74240K, 44% used [0x00000006c0000000,0x00000006c2035e88,0x00000006c4880000)
 Metaspace       used 21620K, capacity 21876K, committed 22400K, reserved 1069056K
  class space    used 2511K, capacity 2598K, committed 2688K, reserved 1048576K
Event: 90.261 GC heap after
Heap after GC invocations=5 (full 1):
 PSYoungGen      total 76288K, used 10726K [0x000000076ab00000, 0x0000000773f80000, 0x00000007c0000000)
  eden space 65536K, 0% used [0x000000076ab00000,0x000000076ab00000,0x000000076eb00000)
  from space 10752K, 99% used [0x000000076f580000,0x000000076fff9be8,0x0000000770000000)
  to   space 10752K, 0% used [0x000000076eb00000,0x000000076eb00000,0x000000076f580000)
 ParOldGen       total 74240K, used 42623K [0x00000006c0000000, 0x00000006c4880000, 0x000000076ab00000)
  object space 74240K, 57% used [0x00000006c0000000,0x00000006c299ffd0,0x00000006c4880000)
 Metaspace       used 21620K, capacity 21876K, committed 22400K, reserved 1069056K
  class space    used 2511K, capacity 2598K, committed 2688K, reserved 1048576K
}
Event: 90.362 GC heap before
{Heap before GC invocations=6 (full 1):
 PSYoungGen      total 76288K, used 76262K [0x000000076ab00000, 0x0000000773f80000, 0x00000007c0000000)
  eden space 65536K, 100% used [0x000000076ab00000,0x000000076eb00000,0x000000076eb00000)
  from space 10752K, 99% used [0x000000076f580000,0x000000076fff9be8,0x0000000770000000)
  to   space 10752K, 0% used [0x000000076eb00000,0x000000076eb00000,0x000000076f580000)
 ParOldGen       total 74240K, used 42624K [0x00000006c0000000, 0x00000006c4880000, 0x000000076ab00000)
  object space 74240K, 57% used [0x00000006c0000000,0x00000006c29a0030,0x00000006c4880000)
 Metaspace       used 21623K, capacity 21876K, committed 22400K, reserved 1069056K
  class space    used 2511K, capacity 2598K, committed 2688K, reserved 1048576K
Event: 90.369 GC heap after
Heap after GC invocations=6 (full 1):
 PSYoungGen      total 76288K, used 10730K [0x000000076ab00000, 0x0000000776c80000, 0x00000007c0000000)
  eden space 65536K, 0% used [0x000000076ab00000,0x000000076ab00000,0x000000076eb00000)
  from space 10752K, 99% used [0x000000076eb00000,0x000000076f57a978,0x000000076f580000)
  to   space 33792K, 0% used [0x0000000774b80000,0x0000000774b80000,0x0000000776c80000)
 ParOldGen       total 74240K, used 52614K [0x00000006c0000000, 0x00000006c4880000, 0x000000076ab00000)
  object space 74240K, 70% used [0x00000006c0000000,0x00000006c3361ae0,0x00000006c4880000)
 Metaspace       used 21623K, capacity 21876K, committed 22400K, reserved 1069056K
  class space    used 2511K, capacity 2598K, committed 2688K, reserved 1048576K
}
Event: 111.250 GC heap before
{Heap before GC invocations=7 (full 2):
 PSYoungGen      total 76288K, used 76266K [0x000000076ab00000, 0x0000000776c80000, 0x00000007c0000000)
  eden space 65536K, 100% used [0x000000076ab00000,0x000000076eb00000,0x000000076eb00000)
  from space 10752K, 99% used [0x000000076eb00000,0x000000076f57a978,0x000000076f580000)
  to   space 33792K, 0% used [0x0000000774b80000,0x0000000774b80000,0x0000000776c80000)
 ParOldGen       total 74240K, used 57859K [0x00000006c0000000, 0x00000006c4880000, 0x000000076ab00000)
  object space 74240K, 77% used [0x00000006c0000000,0x00000006c3880c18,0x00000006c4880000)
 Metaspace       used 22211K, capacity 22516K, committed 22912K, reserved 1069056K
  class space    used 2551K, capacity 2634K, committed 2688K, reserved 1048576K
Event: 111.280 GC heap after
Heap after GC invocations=7 (full 2):
 PSYoungGen      total 76288K, used 0K [0x000000076ab00000, 0x0000000776c80000, 0x00000007c0000000)
  eden space 65536K, 0% used [0x000000076ab00000,0x000000076ab00000,0x000000076eb00000)
  from space 10752K, 0% used [0x000000076eb00000,0x000000076eb00000,0x000000076f580000)
  to   space 33792K, 0% used [0x0000000774b80000,0x0000000774b80000,0x0000000776c80000)
 ParOldGen       total 134656K, used 43791K [0x00000006c0000000, 0x00000006c8380000, 0x000000076ab00000)
  object space 134656K, 32% used [0x00000006c0000000,0x00000006c2ac3f30,0x00000006c8380000)
 Metaspace       used 22211K, capacity 22516K, committed 22912K, reserved 1069056K
  class space    used 2551K, capacity 2634K, committed 2688K, reserved 1048576K
}
Event: 111.360 GC heap before
{Heap before GC invocations=8 (full 2):
 PSYoungGen      total 76288K, used 65463K [0x000000076ab00000, 0x0000000776c80000, 0x00000007c0000000)
  eden space 65536K, 99% used [0x000000076ab00000,0x000000076eaedfc8,0x000000076eb00000)
  from space 10752K, 0% used [0x000000076eb00000,0x000000076eb00000,0x000000076f580000)
  to   space 33792K, 0% used [0x0000000774b80000,0x0000000774b80000,0x0000000776c80000)
 ParOldGen       total 134656K, used 43791K [0x00000006c0000000, 0x00000006c8380000, 0x000000076ab00000)
  object space 134656K, 32% used [0x00000006c0000000,0x00000006c2ac3f30,0x00000006c8380000)
 Metaspace       used 22211K, capacity 22516K, committed 22912K, reserved 1069056K
  class space    used 2551K, capacity 2634K, committed 2688K, reserved 1048576K
Event: 111.365 GC heap after
Heap after GC invocations=8 (full 2):
 PSYoungGen      total 162304K, used 7712K [0x000000076ab00000, 0x0000000776b80000, 0x00000007c0000000)
  eden space 129536K, 0% used [0x000000076ab00000,0x000000076ab00000,0x0000000772980000)
  from space 32768K, 23% used [0x0000000774b80000,0x0000000775308028,0x0000000776b80000)
  to   space 33792K, 0% used [0x0000000772980000,0x0000000772980000,0x0000000774a80000)
 ParOldGen       total 134656K, used 43791K [0x00000006c0000000, 0x00000006c8380000, 0x000000076ab00000)
  object space 134656K, 32% used [0x00000006c0000000,0x00000006c2ac3f30,0x00000006c8380000)
 Metaspace       used 22211K, capacity 22516K, committed 22912K, reserved 1069056K
  class space    used 2551K, capacity 2634K, committed 2688K, reserved 1048576K
}

