# JRE version: Java(TM) SE Runtime Environment (8.0_25-b17) (build 1.8.0_25-b17)
# Java VM: Java HotSpot(TM) 64-Bit Server VM (25.25-b02 mixed mode bsd-amd64 compressed oops)
Heap:
 PSYoungGen      total 141824K, used 51010K [0x000000076ab00000, 0x0000000774000000, 0x00000007c0000000)
  eden space 131072K, 30% used [0x000000076ab00000,0x000000076d252b88,0x0000000772b00000)
  from space 10752K, 99% used [0x0000000773580000,0x0000000773ffde78,0x0000000774000000)
  to   space 10752K, 0% used [0x0000000772b00000,0x0000000772b00000,0x0000000773580000)
 ParOldGen       total 175104K, used 64067K [0x00000006c0000000, 0x00000006cab00000, 0x000000076ab00000)
  object space 175104K, 36% used [0x00000006c0000000,0x00000006c3e90e30,0x00000006cab00000)
 Metaspace       used 18920K, capacity 19110K, committed 19328K, reserved 1067008K
  class space    used 2075K, capacity 2143K, committed 2176K, reserved 1048576K
GC Heap History (8 events):
Event: 29.893 GC heap before
{Heap before GC invocations=1 (full 0):
 PSYoungGen      total 76288K, used 65536K [0x000000076ab00000, 0x0000000770000000, 0x00000007c0000000)
  eden space 65536K, 100% used [0x000000076ab00000,0x000000076eb00000,0x000000076eb00000)
  from space 10752K, 0% used [0x000000076f580000,0x000000076f580000,0x0000000770000000)
  to   space 10752K, 0% used [0x000000076eb00000,0x000000076eb00000,0x000000076f580000)
 ParOldGen       total 175104K, used 0K [0x00000006c0000000, 0x00000006cab00000, 0x000000076ab00000)
  object space 175104K, 0% used [0x00000006c0000000,0x00000006c0000000,0x00000006cab00000)
 Metaspace       used 17858K, capacity 18100K, committed 18432K, reserved 1064960K
  class space    used 1939K, capacity 2004K, committed 2048K, reserved 1048576K
Event: 29.910 GC heap after
Heap after GC invocations=1 (full 0):
 PSYoungGen      total 76288K, used 10722K [0x000000076ab00000, 0x0000000770000000, 0x00000007c0000000)
  eden space 65536K, 0% used [0x000000076ab00000,0x000000076ab00000,0x000000076eb00000)
  from space 10752K, 99% used [0x000000076eb00000,0x000000076f578ab0,0x000000076f580000)
  to   space 10752K, 0% used [0x000000076f580000,0x000000076f580000,0x0000000770000000)
 ParOldGen       total 175104K, used 25221K [0x00000006c0000000, 0x00000006cab00000, 0x000000076ab00000)
  object space 175104K, 14% used [0x00000006c0000000,0x00000006c18a1420,0x00000006cab00000)
 Metaspace       used 17858K, capacity 18100K, committed 18432K, reserved 1064960K
  class space    used 1939K, capacity 2004K, committed 2048K, reserved 1048576K
}
Event: 30.193 GC heap before
{Heap before GC invocations=2 (full 0):
 PSYoungGen      total 76288K, used 76163K [0x000000076ab00000, 0x0000000770000000, 0x00000007c0000000)
  eden space 65536K, 99% used [0x000000076ab00000,0x000000076eae8218,0x000000076eb00000)
  from space 10752K, 99% used [0x000000076eb00000,0x000000076f578ab0,0x000000076f580000)
  to   space 10752K, 0% used [0x000000076f580000,0x000000076f580000,0x0000000770000000)
 ParOldGen       total 175104K, used 25221K [0x00000006c0000000, 0x00000006cab00000, 0x000000076ab00000)
  object space 175104K, 14% used [0x00000006c0000000,0x00000006c18a1420,0x00000006cab00000)
 Metaspace       used 17909K, capacity 18100K, committed 18432K, reserved 1064960K
  class space    used 1941K, capacity 2004K, committed 2048K, reserved 1048576K
Event: 30.205 GC heap after
Heap after GC invocations=2 (full 0):
 PSYoungGen      total 76288K, used 10729K [0x000000076ab00000, 0x0000000774000000, 0x00000007c0000000)
  eden space 65536K, 0% used [0x000000076ab00000,0x000000076ab00000,0x000000076eb00000)
  from space 10752K, 99% used [0x000000076f580000,0x000000076fffa640,0x0000000770000000)
  to   space 10752K, 0% used [0x000000076eb00000,0x000000076eb00000,0x000000076f580000)
 ParOldGen       total 175104K, used 36516K [0x00000006c0000000, 0x00000006cab00000, 0x000000076ab00000)
  object space 175104K, 20% used [0x00000006c0000000,0x00000006c23a90a0,0x00000006cab00000)
 Metaspace       used 17909K, capacity 18100K, committed 18432K, reserved 1064960K
  class space    used 1941K, capacity 2004K, committed 2048K, reserved 1048576K
}
Event: 30.300 GC heap before
{Heap before GC invocations=3 (full 0):
 PSYoungGen      total 76288K, used 76005K [0x000000076ab00000, 0x0000000774000000, 0x00000007c0000000)
  eden space 65536K, 99% used [0x000000076ab00000,0x000000076eabef58,0x000000076eb00000)
  from space 10752K, 99% used [0x000000076f580000,0x000000076fffa640,0x0000000770000000)
  to   space 10752K, 0% used [0x000000076eb00000,0x000000076eb00000,0x000000076f580000)
 ParOldGen       total 175104K, used 36516K [0x00000006c0000000, 0x00000006cab00000, 0x000000076ab00000)
  object space 175104K, 20% used [0x00000006c0000000,0x00000006c23a90a0,0x00000006cab00000)
 Metaspace       used 17923K, capacity 18100K, committed 18432K, reserved 1064960K
  class space    used 1941K, capacity 2004K, committed 2048K, reserved 1048576K
Event: 30.309 GC heap after
Heap after GC invocations=3 (full 0):
 PSYoungGen      total 76288K, used 10740K [0x000000076ab00000, 0x0000000774000000, 0x00000007c0000000)
  eden space 65536K, 0% used [0x000000076ab00000,0x000000076ab00000,0x000000076eb00000)
  from space 10752K, 99% used [0x000000076eb00000,0x000000076f57d0d0,0x000000076f580000)
  to   space 10752K, 0% used [0x0000000773580000,0x0000000773580000,0x0000000774000000)
 ParOldGen       total 175104K, used 49115K [0x00000006c0000000, 0x00000006cab00000, 0x000000076ab00000)
  object space 175104K, 28% used [0x00000006c0000000,0x00000006c2ff6d60,0x00000006cab00000)
 Metaspace       used 17923K, capacity 18100K, committed 18432K, reserved 1064960K
  class space    used 1941K, capacity 2004K, committed 2048K, reserved 1048576K
}
Event: 33.660 GC heap before
{Heap before GC invocations=4 (full 0):
 PSYoungGen      total 76288K, used 76276K [0x000000076ab00000, 0x0000000774000000, 0x00000007c0000000)
  eden space 65536K, 100% used [0x000000076ab00000,0x000000076eb00000,0x000000076eb00000)
  from space 10752K, 99% used [0x000000076eb00000,0x000000076f57d0d0,0x000000076f580000)
  to   space 10752K, 0% used [0x0000000773580000,0x0000000773580000,0x0000000774000000)
 ParOldGen       total 175104K, used 49115K [0x00000006c0000000, 0x00000006cab00000, 0x000000076ab00000)
  object space 175104K, 28% used [0x00000006c0000000,0x00000006c2ff6d60,0x00000006cab00000)
 Metaspace       used 18919K, capacity 19110K, committed 19328K, reserved 1067008K
  class space    used 2075K, capacity 2143K, committed 2176K, reserved 1048576K
Event: 33.674 GC heap after
Heap after GC invocations=4 (full 0):
 PSYoungGen      total 141824K, used 10743K [0x000000076ab00000, 0x0000000774000000, 0x00000007c0000000)
  eden space 131072K, 0% used [0x000000076ab00000,0x000000076ab00000,0x0000000772b00000)
  from space 10752K, 99% used [0x0000000773580000,0x0000000773ffde78,0x0000000774000000)
  to   space 10752K, 0% used [0x0000000772b00000,0x0000000772b00000,0x0000000773580000)
 ParOldGen       total 175104K, used 64067K [0x00000006c0000000, 0x00000006cab00000, 0x000000076ab00000)
  object space 175104K, 36% used [0x00000006c0000000,0x00000006c3e90e30,0x00000006cab00000)
 Metaspace       used 18919K, capacity 19110K, committed 19328K, reserved 1067008K
  class space    used 2075K, capacity 2143K, committed 2176K, reserved 1048576K
}

