# JRE version: Java(TM) SE Runtime Environment (8.0_25-b17) (build 1.8.0_25-b17)
# Java VM: Java HotSpot(TM) 64-Bit Server VM (25.25-b02 mixed mode bsd-amd64 compressed oops)
Heap:
 PSYoungGen      total 141824K, used 88226K [0x000000076ab00000, 0x0000000780780000, 0x00000007c0000000)
  eden space 131072K, 59% used [0x000000076ab00000,0x000000076f6a9e40,0x0000000772b00000)
  from space 10752K, 99% used [0x0000000772b00000,0x000000077357ecc8,0x0000000773580000)
  to   space 50688K, 0% used [0x000000077d600000,0x000000077d600000,0x0000000780780000)
 ParOldGen       total 160256K, used 95184K [0x00000006c0000000, 0x00000006c9c80000, 0x000000076ab00000)
  object space 160256K, 59% used [0x00000006c0000000,0x00000006c5cf4248,0x00000006c9c80000)
 Metaspace       used 21368K, capacity 21602K, committed 21888K, reserved 1069056K
  class space    used 2490K, capacity 2567K, committed 2688K, reserved 1048576K
GC Heap History (10 events):
Event: 19.405 GC heap before
{Heap before GC invocations=2 (full 0):
 PSYoungGen      total 76288K, used 76162K [0x000000076ab00000, 0x0000000770000000, 0x00000007c0000000)
  eden space 65536K, 99% used [0x000000076ab00000,0x000000076eae6f08,0x000000076eb00000)
  from space 10752K, 99% used [0x000000076eb00000,0x000000076f579bb0,0x000000076f580000)
  to   space 10752K, 0% used [0x000000076f580000,0x000000076f580000,0x0000000770000000)
 ParOldGen       total 175104K, used 9459K [0x00000006c0000000, 0x00000006cab00000, 0x000000076ab00000)
  object space 175104K, 5% used [0x00000006c0000000,0x00000006c093cee0,0x00000006cab00000)
 Metaspace       used 20745K, capacity 20962K, committed 21248K, reserved 1069056K
  class space    used 2443K, capacity 2509K, committed 2560K, reserved 1048576K
Event: 19.423 GC heap after
Heap after GC invocations=2 (full 0):
 PSYoungGen      total 76288K, used 10740K [0x000000076ab00000, 0x0000000774000000, 0x00000007c0000000)
  eden space 65536K, 0% used [0x000000076ab00000,0x000000076ab00000,0x000000076eb00000)
  from space 10752K, 99% used [0x000000076f580000,0x000000076fffd348,0x0000000770000000)
  to   space 10752K, 0% used [0x000000076eb00000,0x000000076eb00000,0x000000076f580000)
 ParOldGen       total 175104K, used 36994K [0x00000006c0000000, 0x00000006cab00000, 0x000000076ab00000)
  object space 175104K, 21% used [0x00000006c0000000,0x00000006c2420bf0,0x00000006cab00000)
 Metaspace       used 20745K, capacity 20962K, committed 21248K, reserved 1069056K
  class space    used 2443K, capacity 2509K, committed 2560K, reserved 1048576K
}
Event: 19.525 GC heap before
{Heap before GC invocations=3 (full 0):
 PSYoungGen      total 76288K, used 76060K [0x000000076ab00000, 0x0000000774000000, 0x00000007c0000000)
  eden space 65536K, 99% used [0x000000076ab00000,0x000000076eac9e88,0x000000076eb00000)
  from space 10752K, 99% used [0x000000076f580000,0x000000076fffd348,0x0000000770000000)
  to   space 10752K, 0% used [0x000000076eb00000,0x000000076eb00000,0x000000076f580000)
 ParOldGen       total 175104K, used 36994K [0x00000006c0000000, 0x00000006cab00000, 0x000000076ab00000)
  object space 175104K, 21% used [0x00000006c0000000,0x00000006c2420bf0,0x00000006cab00000)
 Metaspace       used 20759K, capacity 21026K, committed 21248K, reserved 1069056K
  class space    used 2443K, capacity 2509K, committed 2560K, reserved 1048576K
Event: 19.533 GC heap after
Heap after GC invocations=3 (full 0):
 PSYoungGen      total 76288K, used 10746K [0x000000076ab00000, 0x0000000774000000, 0x00000007c0000000)
  eden space 65536K, 0% used [0x000000076ab00000,0x000000076ab00000,0x000000076eb00000)
  from space 10752K, 99% used [0x000000076eb00000,0x000000076f57e990,0x000000076f580000)
  to   space 10752K, 0% used [0x0000000773580000,0x0000000773580000,0x0000000774000000)
 ParOldGen       total 175104K, used 47934K [0x00000006c0000000, 0x00000006cab00000, 0x000000076ab00000)
  object space 175104K, 27% used [0x00000006c0000000,0x00000006c2ecfbd0,0x00000006cab00000)
 Metaspace       used 20759K, capacity 21026K, committed 21248K, reserved 1069056K
  class space    used 2443K, capacity 2509K, committed 2560K, reserved 1048576K
}
Event: 19.654 GC heap before
{Heap before GC invocations=4 (full 0):
 PSYoungGen      total 76288K, used 63656K [0x000000076ab00000, 0x0000000774000000, 0x00000007c0000000)
  eden space 65536K, 80% used [0x000000076ab00000,0x000000076deab7e0,0x000000076eb00000)
  from space 10752K, 99% used [0x000000076eb00000,0x000000076f57e990,0x000000076f580000)
  to   space 10752K, 0% used [0x0000000773580000,0x0000000773580000,0x0000000774000000)
 ParOldGen       total 175104K, used 47934K [0x00000006c0000000, 0x00000006cab00000, 0x000000076ab00000)
  object space 175104K, 27% used [0x00000006c0000000,0x00000006c2ecfbd0,0x00000006cab00000)
 Metaspace       used 20806K, capacity 21026K, committed 21248K, reserved 1069056K
  class space    used 2444K, capacity 2509K, committed 2560K, reserved 1048576K
Event: 19.664 GC heap after
Heap after GC invocations=4 (full 0):
 PSYoungGen      total 141824K, used 10751K [0x000000076ab00000, 0x0000000774000000, 0x00000007c0000000)
  eden space 131072K, 0% used [0x000000076ab00000,0x000000076ab00000,0x0000000772b00000)
  from space 10752K, 99% used [0x0000000773580000,0x0000000773ffff00,0x0000000774000000)
  to   space 10752K, 0% used [0x0000000772b00000,0x0000000772b00000,0x0000000773580000)
 ParOldGen       total 175104K, used 55083K [0x00000006c0000000, 0x00000006cab00000, 0x000000076ab00000)
  object space 175104K, 31% used [0x00000006c0000000,0x00000006c35cae78,0x00000006cab00000)
 Metaspace       used 20806K, capacity 21026K, committed 21248K, reserved 1069056K
  class space    used 2444K, capacity 2509K, committed 2560K, reserved 1048576K
}
Event: 19.664 GC heap before
{Heap before GC invocations=5 (full 1):
 PSYoungGen      total 141824K, used 10751K [0x000000076ab00000, 0x0000000774000000, 0x00000007c0000000)
  eden space 131072K, 0% used [0x000000076ab00000,0x000000076ab00000,0x0000000772b00000)
  from space 10752K, 99% used [0x0000000773580000,0x0000000773ffff00,0x0000000774000000)
  to   space 10752K, 0% used [0x0000000772b00000,0x0000000772b00000,0x0000000773580000)
 ParOldGen       total 175104K, used 55083K [0x00000006c0000000, 0x00000006cab00000, 0x000000076ab00000)
  object space 175104K, 31% used [0x00000006c0000000,0x00000006c35cae78,0x00000006cab00000)
 Metaspace       used 20806K, capacity 21026K, committed 21248K, reserved 1069056K
  class space    used 2444K, capacity 2509K, committed 2560K, reserved 1048576K
Event: 19.705 GC heap after
Heap after GC invocations=5 (full 1):
 PSYoungGen      total 141824K, used 0K [0x000000076ab00000, 0x0000000774000000, 0x00000007c0000000)
  eden space 131072K, 0% used [0x000000076ab00000,0x000000076ab00000,0x0000000772b00000)
  from space 10752K, 0% used [0x0000000773580000,0x0000000773580000,0x0000000774000000)
  to   space 10752K, 0% used [0x0000000772b00000,0x0000000772b00000,0x0000000773580000)
 ParOldGen       total 160256K, used 61897K [0x00000006c0000000, 0x00000006c9c80000, 0x000000076ab00000)
  object space 160256K, 38% used [0x00000006c0000000,0x00000006c3c724f0,0x00000006c9c80000)
 Metaspace       used 20793K, capacity 21008K, committed 21248K, reserved 1069056K
  class space    used 2438K, capacity 2500K, committed 2560K, reserved 1048576K
}
Event: 23.884 GC heap before
{Heap before GC invocations=6 (full 1):
 PSYoungGen      total 141824K, used 130955K [0x000000076ab00000, 0x0000000774000000, 0x00000007c0000000)
  eden space 131072K, 99% used [0x000000076ab00000,0x0000000772ae2f60,0x0000000772b00000)
  from space 10752K, 0% used [0x0000000773580000,0x0000000773580000,0x0000000774000000)
  to   space 10752K, 0% used [0x0000000772b00000,0x0000000772b00000,0x0000000773580000)
 ParOldGen       total 160256K, used 61897K [0x00000006c0000000, 0x00000006c9c80000, 0x000000076ab00000)
  object space 160256K, 38% used [0x00000006c0000000,0x00000006c3c724f0,0x00000006c9c80000)
 Metaspace       used 21368K, capacity 21602K, committed 21888K, reserved 1069056K
  class space    used 2490K, capacity 2567K, committed 2688K, reserved 1048576K
Event: 23.906 GC heap after
Heap after GC invocations=6 (full 1):
 PSYoungGen      total 141824K, used 10747K [0x000000076ab00000, 0x0000000780780000, 0x00000007c0000000)
  eden space 131072K, 0% used [0x000000076ab00000,0x000000076ab00000,0x0000000772b00000)
  from space 10752K, 99% used [0x0000000772b00000,0x000000077357ecc8,0x0000000773580000)
  to   space 50688K, 0% used [0x000000077d600000,0x000000077d600000,0x0000000780780000)
 ParOldGen       total 160256K, used 95184K [0x00000006c0000000, 0x00000006c9c80000, 0x000000076ab00000)
  object space 160256K, 59% used [0x00000006c0000000,0x00000006c5cf4248,0x00000006c9c80000)
 Metaspace       used 21368K, capacity 21602K, committed 21888K, reserved 1069056K
  class space    used 2490K, capacity 2567K, committed 2688K, reserved 1048576K
}

