# JRE version: Java(TM) SE Runtime Environment (8.0_25-b17) (build 1.8.0_25-b17)
# Java VM: Java HotSpot(TM) 64-Bit Server VM (25.25-b02 mixed mode bsd-amd64 compressed oops)
Heap:
 PSYoungGen      total 140800K, used 120200K [0x000000076ab00000, 0x0000000781200000, 0x00000007c0000000)
  eden space 130048K, 84% used [0x000000076ab00000,0x00000007715e2698,0x0000000772a00000)
  from space 10752K, 99% used [0x0000000772a00000,0x000000077347fd20,0x0000000773480000)
  to   space 56320K, 0% used [0x000000077db00000,0x000000077db00000,0x0000000781200000)
 ParOldGen       total 140800K, used 92122K [0x00000006c0000000, 0x00000006c8980000, 0x000000076ab00000)
  object space 140800K, 65% used [0x00000006c0000000,0x00000006c59f6840,0x00000006c8980000)
 Metaspace       used 21519K, capacity 21738K, committed 22144K, reserved 1069056K
  class space    used 2499K, capacity 2569K, committed 2688K, reserved 1048576K
GC Heap History (10 events):
Event: 7.437 GC heap before
{Heap before GC invocations=2 (full 0):
 PSYoungGen      total 76288K, used 40366K [0x000000076ab00000, 0x0000000770000000, 0x00000007c0000000)
  eden space 65536K, 45% used [0x000000076ab00000,0x000000076c7f1190,0x000000076eb00000)
  from space 10752K, 99% used [0x000000076eb00000,0x000000076f57a970,0x000000076f580000)
  to   space 10752K, 0% used [0x000000076f580000,0x000000076f580000,0x0000000770000000)
 ParOldGen       total 175104K, used 5736K [0x00000006c0000000, 0x00000006cab00000, 0x000000076ab00000)
  object space 175104K, 3% used [0x00000006c0000000,0x00000006c059a260,0x00000006cab00000)
 Metaspace       used 20814K, capacity 21066K, committed 21248K, reserved 1069056K
  class space    used 2452K, capacity 2543K, committed 2560K, reserved 1048576K
Event: 7.454 GC heap after
Heap after GC invocations=2 (full 0):
 PSYoungGen      total 76288K, used 10725K [0x000000076ab00000, 0x0000000774000000, 0x00000007c0000000)
  eden space 65536K, 0% used [0x000000076ab00000,0x000000076ab00000,0x000000076eb00000)
  from space 10752K, 99% used [0x000000076f580000,0x000000076fff9628,0x0000000770000000)
  to   space 10752K, 0% used [0x000000076eb00000,0x000000076eb00000,0x000000076f580000)
 ParOldGen       total 175104K, used 32681K [0x00000006c0000000, 0x00000006cab00000, 0x000000076ab00000)
  object space 175104K, 18% used [0x00000006c0000000,0x00000006c1fea708,0x00000006cab00000)
 Metaspace       used 20814K, capacity 21066K, committed 21248K, reserved 1069056K
  class space    used 2452K, capacity 2543K, committed 2560K, reserved 1048576K
}
Event: 7.454 GC heap before
{Heap before GC invocations=3 (full 1):
 PSYoungGen      total 76288K, used 10725K [0x000000076ab00000, 0x0000000774000000, 0x00000007c0000000)
  eden space 65536K, 0% used [0x000000076ab00000,0x000000076ab00000,0x000000076eb00000)
  from space 10752K, 99% used [0x000000076f580000,0x000000076fff9628,0x0000000770000000)
  to   space 10752K, 0% used [0x000000076eb00000,0x000000076eb00000,0x000000076f580000)
 ParOldGen       total 175104K, used 32681K [0x00000006c0000000, 0x00000006cab00000, 0x000000076ab00000)
  object space 175104K, 18% used [0x00000006c0000000,0x00000006c1fea708,0x00000006cab00000)
 Metaspace       used 20814K, capacity 21066K, committed 21248K, reserved 1069056K
  class space    used 2452K, capacity 2543K, committed 2560K, reserved 1048576K
Event: 7.497 GC heap after
Heap after GC invocations=3 (full 1):
 PSYoungGen      total 76288K, used 0K [0x000000076ab00000, 0x0000000774000000, 0x00000007c0000000)
  eden space 65536K, 0% used [0x000000076ab00000,0x000000076ab00000,0x000000076eb00000)
  from space 10752K, 0% used [0x000000076f580000,0x000000076f580000,0x0000000770000000)
  to   space 10752K, 0% used [0x000000076eb00000,0x000000076eb00000,0x000000076f580000)
 ParOldGen       total 140800K, used 41910K [0x00000006c0000000, 0x00000006c8980000, 0x000000076ab00000)
  object space 140800K, 29% used [0x00000006c0000000,0x00000006c28edb48,0x00000006c8980000)
 Metaspace       used 20801K, capacity 21048K, committed 21248K, reserved 1069056K
  class space    used 2446K, capacity 2534K, committed 2560K, reserved 1048576K
}
Event: 7.810 GC heap before
{Heap before GC invocations=4 (full 1):
 PSYoungGen      total 76288K, used 65528K [0x000000076ab00000, 0x0000000774000000, 0x00000007c0000000)
  eden space 65536K, 99% used [0x000000076ab00000,0x000000076eafe008,0x000000076eb00000)
  from space 10752K, 0% used [0x000000076f580000,0x000000076f580000,0x0000000770000000)
  to   space 10752K, 0% used [0x000000076eb00000,0x000000076eb00000,0x000000076f580000)
 ParOldGen       total 140800K, used 41910K [0x00000006c0000000, 0x00000006c8980000, 0x000000076ab00000)
  object space 140800K, 29% used [0x00000006c0000000,0x00000006c28edb48,0x00000006c8980000)
 Metaspace       used 20843K, capacity 21112K, committed 21504K, reserved 1069056K
  class space    used 2448K, capacity 2534K, committed 2560K, reserved 1048576K
Event: 7.812 GC heap after
Heap after GC invocations=4 (full 1):
 PSYoungGen      total 76288K, used 7035K [0x000000076ab00000, 0x0000000773f00000, 0x00000007c0000000)
  eden space 65536K, 0% used [0x000000076ab00000,0x000000076ab00000,0x000000076eb00000)
  from space 10752K, 65% used [0x000000076eb00000,0x000000076f1deed8,0x000000076f580000)
  to   space 10752K, 0% used [0x0000000773480000,0x0000000773480000,0x0000000773f00000)
 ParOldGen       total 140800K, used 41918K [0x00000006c0000000, 0x00000006c8980000, 0x000000076ab00000)
  object space 140800K, 29% used [0x00000006c0000000,0x00000006c28efb48,0x00000006c8980000)
 Metaspace       used 20843K, capacity 21112K, committed 21504K, reserved 1069056K
  class space    used 2448K, capacity 2534K, committed 2560K, reserved 1048576K
}
Event: 7.908 GC heap before
{Heap before GC invocations=5 (full 1):
 PSYoungGen      total 76288K, used 72367K [0x000000076ab00000, 0x0000000773f00000, 0x00000007c0000000)
  eden space 65536K, 99% used [0x000000076ab00000,0x000000076eacd068,0x000000076eb00000)
  from space 10752K, 65% used [0x000000076eb00000,0x000000076f1deed8,0x000000076f580000)
  to   space 10752K, 0% used [0x0000000773480000,0x0000000773480000,0x0000000773f00000)
 ParOldGen       total 140800K, used 41918K [0x00000006c0000000, 0x00000006c8980000, 0x000000076ab00000)
  object space 140800K, 29% used [0x00000006c0000000,0x00000006c28efb48,0x00000006c8980000)
 Metaspace       used 20859K, capacity 21112K, committed 21504K, reserved 1069056K
  class space    used 2448K, capacity 2534K, committed 2560K, reserved 1048576K
Event: 7.918 GC heap after
Heap after GC invocations=5 (full 1):
 PSYoungGen      total 140288K, used 10747K [0x000000076ab00000, 0x0000000773f00000, 0x00000007c0000000)
  eden space 129536K, 0% used [0x000000076ab00000,0x000000076ab00000,0x0000000772980000)
  from space 10752K, 99% used [0x0000000773480000,0x0000000773efef28,0x0000000773f00000)
  to   space 10752K, 0% used [0x0000000772a00000,0x0000000772a00000,0x0000000773480000)
 ParOldGen       total 140800K, used 51202K [0x00000006c0000000, 0x00000006c8980000, 0x000000076ab00000)
  object space 140800K, 36% used [0x00000006c0000000,0x00000006c3200ab8,0x00000006c8980000)
 Metaspace       used 20859K, capacity 21112K, committed 21504K, reserved 1069056K
  class space    used 2448K, capacity 2534K, committed 2560K, reserved 1048576K
}
Event: 14.135 GC heap before
{Heap before GC invocations=6 (full 1):
 PSYoungGen      total 140288K, used 140283K [0x000000076ab00000, 0x0000000773f00000, 0x00000007c0000000)
  eden space 129536K, 100% used [0x000000076ab00000,0x0000000772980000,0x0000000772980000)
  from space 10752K, 99% used [0x0000000773480000,0x0000000773efef28,0x0000000773f00000)
  to   space 10752K, 0% used [0x0000000772a00000,0x0000000772a00000,0x0000000773480000)
 ParOldGen       total 140800K, used 51202K [0x00000006c0000000, 0x00000006c8980000, 0x000000076ab00000)
  object space 140800K, 36% used [0x00000006c0000000,0x00000006c3200ab8,0x00000006c8980000)
 Metaspace       used 21519K, capacity 21738K, committed 22144K, reserved 1069056K
  class space    used 2499K, capacity 2569K, committed 2688K, reserved 1048576K
Event: 14.160 GC heap after
Heap after GC invocations=6 (full 1):
 PSYoungGen      total 140800K, used 10751K [0x000000076ab00000, 0x0000000781200000, 0x00000007c0000000)
  eden space 130048K, 0% used [0x000000076ab00000,0x000000076ab00000,0x0000000772a00000)
  from space 10752K, 99% used [0x0000000772a00000,0x000000077347fd20,0x0000000773480000)
  to   space 56320K, 0% used [0x000000077db00000,0x000000077db00000,0x0000000781200000)
 ParOldGen       total 140800K, used 92122K [0x00000006c0000000, 0x00000006c8980000, 0x000000076ab00000)
  object space 140800K, 65% used [0x00000006c0000000,0x00000006c59f6840,0x00000006c8980000)
 Metaspace       used 21519K, capacity 21738K, committed 22144K, reserved 1069056K
  class space    used 2499K, capacity 2569K, committed 2688K, reserved 1048576K
}

